<?xml version="1.0" encoding="UTF-8"?>
<!-- Generated by org.testng.reporters.JUnitReportReporter -->
<testsuite hostname="LAPTOP-K7PBVSKV" failures="0" tests="1" name="com.extentreport.ExtentReport" time="10.118" errors="0" timestamp="2020-08-25T18:11:09 IST" skipped="0">
  <testcase classname="com.extentreport.ExtentReport" name="initialConfig" time="10.118"/>
  <system-out/>
</testsuite> <!-- com.extentreport.ExtentReport -->
